2025-06-10T19:42:25: 
> imyrist-app@0.1.0 start
> next start

2025-06-10T19:45:05: 
> imyrist-app@0.1.0 start
> next start

2025-06-10T19:49:44: 
> imyrist-app@0.1.0 start
> next start

2025-06-10T19:51:38: 
> imyrist-app@0.1.0 start
> next start

2025-06-10T19:52:15: 
> imyrist-app@0.1.0 start
> next start

2025-06-10T20:06:46: 
> imyrist-app@0.1.0 start
> next start

2025-06-10T20:11:14: 
> imyrist-app@0.1.0 start
> next start

2025-06-10T20:13:15: 
> imyrist-app@0.1.0 start
> next start

2025-06-10T20:20:46: 
> imyrist-app@0.1.0 start
> next start

2025-06-10T20:20:46: 2025-06-10T20:20:47: 
> imyrist-app@0.1.0 start
> next start

2025-06-10T20:20:47: 2025-06-10T20:20:48: 
> imyrist-app@0.1.0 start
> next start

2025-06-10T20:20:48: 2025-06-10T20:20:49: 
> imyrist-app@0.1.0 start
> next start

2025-06-10T20:20:49: 2025-06-10T20:20:49: 
> imyrist-app@0.1.0 start
> next start

2025-06-10T20:20:50: 2025-06-10T20:20:50: 
> imyrist-app@0.1.0 start
> next start

2025-06-10T20:20:51: 2025-06-10T20:20:51: 
> imyrist-app@0.1.0 start
> next start

2025-06-10T20:20:52: 2025-06-10T20:20:52: 
> imyrist-app@0.1.0 start
> next start

2025-06-10T20:20:52: 2025-06-10T20:20:53: 
> imyrist-app@0.1.0 start
> next start

2025-06-10T20:20:53: 2025-06-10T20:20:54: 
> imyrist-app@0.1.0 start
> next start

2025-06-10T20:20:54: 2025-06-10T20:20:55: 
> imyrist-app@0.1.0 start
> next start

2025-06-10T20:20:55: 2025-06-10T20:20:56: 
> imyrist-app@0.1.0 start
> next start

2025-06-10T20:20:56: 2025-06-10T20:20:56: 2025-06-10T20:20:56: 
> imyrist-app@0.1.0 start
> next start

2025-06-10T20:20:57: 2025-06-10T20:20:57: 
> imyrist-app@0.1.0 start
> next start

2025-06-10T20:20:58: 2025-06-10T20:20:58: 
> imyrist-app@0.1.0 start
> next start

2025-06-10T20:20:59: 2025-06-10T20:20:59: 
> imyrist-app@0.1.0 start
> next start

2025-06-10T20:21:00: 2025-06-10T20:21:00: 
> imyrist-app@0.1.0 start
> next start

2025-06-10T20:21:00: 2025-06-10T20:22:42: 
> imyrist-app@0.1.0 start
> next start

2025-06-10T20:25:09: 
> imyrist-app@0.1.0 start
> next start

2025-06-10T20:27:40: 
> imyrist-app@0.1.0 start
> next start

2025-06-10T20:29:28: 
> imyrist-app@0.1.0 start
> next start

2025-06-10T20:31:46: 
> imyrist-app@0.1.0 start
> next start

2025-06-10T20:31:50: 
> imyrist-app@0.1.0 start
> next start

2025-06-10T20:35:19: 
> imyrist-app@0.1.0 start
> next start

2025-06-10T20:35:23: 
> imyrist-app@0.1.0 start
> next start

2025-06-10T20:44:08: 
> imyrist-app@0.1.0 start
> next start

2025-06-10T20:45:51: 
> imyrist-app@0.1.0 start
> next start

2025-06-10T20:48:13: 
> imyrist-app@0.1.0 start
> next start

2025-06-12T13:46:35: 
> imyrist-app@0.1.0 start
> next start

2025-06-12T13:49:41: 
> imyrist-app@0.1.0 start
> next start

